INFO:__main__:Starting main pipeline with flags: {'enable_symbol_intake': False, 'enable_news_corroboration': True, 'enable_earnings_reads': False, 'enable_recos': False, 'enable_90_day_sentiment': False, 'enable_multisource_prices': True, 'enable_paid_sources': False, 'enable_alpha_vantage_batching': True, 'enable_newsapi_ingestion': True, 'enable_finbert_pipeline': False, 'enable_finbert_backtest': False, 'enable_portfolio_analytics': True, 'enable_smart_alerts': False, 'enable_yf_prices': True, 'enable_yf_daily_refresh': False, 'enable_yf_profiles': False, 'enable_yf_backoff_debug': True, 'enable_debug_mode': False, 'enable_api_endpoints': False, 'enable_async_io': False, 'enable_timescale_persistence': False, 'enable_vector_search': False, 'enable_alt_forecasts': False, 'enable_timegpt_stub': False, 'enable_correlation': False, 'enable_gnn_scaffold': False, 'enable_microservices_mode': False}
Device set to use mps:0
INFO:integrations.newsapi_client:F03: NewsAPI client initialized
INFO:integrations.newsapi_client:F03: Fetching NewsAPI articles for 1 symbols, 7 days back
INFO:integrations.newsapi_client:F03: Retrieved 100 articles from NewsAPI
INFO:news_scraper:F03: NewsAPI fetched 100 articles for NVDA
→ Loading secrets from PosixPath('/Users/linlee10/Desktop/Personal_projects/Stonk_news/config/secrets.env'): exists? True
→ ALPHA_VANTAGE_KEY = V09CQLOY0N4DG2J4
→ Feature flags loaded: {'enable_symbol_intake': False, 'enable_news_corroboration': True, 'enable_earnings_reads': False, 'enable_recos': False, 'enable_90_day_sentiment': False, 'enable_multisource_prices': True, 'enable_paid_sources': False, 'enable_alpha_vantage_batching': True, 'enable_newsapi_ingestion': True, 'enable_finbert_pipeline': False, 'enable_finbert_backtest': False, 'enable_portfolio_analytics': True, 'enable_smart_alerts': False, 'enable_yf_prices': True, 'enable_yf_daily_refresh': False, 'enable_yf_profiles': False, 'enable_yf_backoff_debug': True, 'enable_debug_mode': False, 'enable_api_endpoints': False, 'enable_async_io': False, 'enable_timescale_persistence': False, 'enable_vector_search': False, 'enable_alt_forecasts': False, 'enable_timegpt_stub': False, 'enable_correlation': False, 'enable_gnn_scaffold': False, 'enable_microservices_mode': False}
2025-08-31 02:19:28 [info     ] F03: Deduplication complete: 129 → 100 headlines (22.5% removed)
INFO:news_scraper:F03: Enhanced deduplication for NVDA: 129 → 100 headlines
INFO:news_scraper:[NVDA] 100 headlines from 2025-08-24 to 2025-08-31 (tz=America/Los_Angeles, lookback=7d)
INFO:integrations.newsapi_client:F03: Fetching NewsAPI articles for 1 symbols, 7 days back
INFO:integrations.newsapi_client:F03: Retrieved 64 articles from NewsAPI
INFO:news_scraper:F03: NewsAPI fetched 64 articles for GOOGL
2025-08-31 02:19:30 [info     ] F03: Deduplication complete: 97 → 79 headlines (18.6% removed)
INFO:news_scraper:F03: Enhanced deduplication for GOOGL: 97 → 79 headlines
INFO:news_scraper:[GOOGL] 79 headlines from 2025-08-24 to 2025-08-31 (tz=America/Los_Angeles, lookback=7d)
INFO:integrations.newsapi_client:F03: Fetching NewsAPI articles for 1 symbols, 7 days back
INFO:integrations.newsapi_client:F03: Retrieved 99 articles from NewsAPI
INFO:news_scraper:F03: NewsAPI fetched 99 articles for AMD
2025-08-31 02:19:31 [info     ] F03: Deduplication complete: 73 → 67 headlines (8.2% removed)
INFO:news_scraper:F03: Enhanced deduplication for AMD: 73 → 67 headlines
INFO:news_scraper:[AMD] 67 headlines from 2025-08-24 to 2025-08-31 (tz=America/Los_Angeles, lookback=7d)
INFO:integrations.newsapi_client:F03: Fetching NewsAPI articles for 1 symbols, 7 days back
INFO:integrations.newsapi_client:F03: Retrieved 99 articles from NewsAPI
INFO:news_scraper:F03: NewsAPI fetched 99 articles for MSFT
2025-08-31 02:19:33 [info     ] F03: Deduplication complete: 130 → 113 headlines (13.1% removed)
INFO:news_scraper:F03: Enhanced deduplication for MSFT: 130 → 113 headlines
INFO:news_scraper:[MSFT] 113 headlines from 2025-08-24 to 2025-08-31 (tz=America/Los_Angeles, lookback=7d)
INFO:integrations.newsapi_client:F03: Fetching NewsAPI articles for 1 symbols, 7 days back
INFO:integrations.newsapi_client:F03: Retrieved 100 articles from NewsAPI
INFO:news_scraper:F03: NewsAPI fetched 100 articles for RTX
2025-08-31 02:19:36 [info     ] F03: Deduplication complete: 43 → 41 headlines (4.7% removed)
INFO:news_scraper:F03: Enhanced deduplication for RTX: 43 → 41 headlines
INFO:news_scraper:[RTX] 41 headlines from 2025-08-24 to 2025-08-31 (tz=America/Los_Angeles, lookback=7d)
INFO:integrations.newsapi_client:F03: Fetching NewsAPI articles for 1 symbols, 7 days back
INFO:integrations.newsapi_client:F03: Retrieved 93 articles from NewsAPI
INFO:news_scraper:F03: NewsAPI fetched 93 articles for PFE
2025-08-31 02:19:37 [info     ] F03: Deduplication complete: 26 → 26 headlines (0.0% removed)
INFO:news_scraper:F03: Enhanced deduplication for PFE: 26 → 26 headlines
INFO:news_scraper:[PFE] 26 headlines from 2025-08-24 to 2025-08-31 (tz=America/Los_Angeles, lookback=7d)
INFO:integrations.newsapi_client:F03: Fetching NewsAPI articles for 1 symbols, 7 days back
INFO:integrations.newsapi_client:F03: Retrieved 50 articles from NewsAPI
INFO:news_scraper:F03: NewsAPI fetched 50 articles for MRVL
2025-08-31 02:19:39 [info     ] F03: Deduplication complete: 105 → 90 headlines (14.3% removed)
INFO:news_scraper:F03: Enhanced deduplication for MRVL: 105 → 90 headlines
INFO:news_scraper:[MRVL] 90 headlines from 2025-08-24 to 2025-08-31 (tz=America/Los_Angeles, lookback=7d)
INFO:integrations.newsapi_client:F03: Fetching NewsAPI articles for 1 symbols, 7 days back
INFO:integrations.newsapi_client:F03: Retrieved 71 articles from NewsAPI
INFO:news_scraper:F03: NewsAPI fetched 71 articles for ADI
2025-08-31 02:19:41 [info     ] F03: Deduplication complete: 63 → 58 headlines (7.9% removed)
INFO:news_scraper:F03: Enhanced deduplication for ADI: 63 → 58 headlines
INFO:news_scraper:[ADI] 58 headlines from 2025-08-24 to 2025-08-31 (tz=America/Los_Angeles, lookback=7d)
INFO:integrations.newsapi_client:F03: Fetching NewsAPI articles for 1 symbols, 7 days back
INFO:integrations.newsapi_client:F03: Retrieved 31 articles from NewsAPI
INFO:news_scraper:F03: NewsAPI fetched 31 articles for LLY
2025-08-31 02:19:43 [info     ] F03: Deduplication complete: 68 → 60 headlines (11.8% removed)
INFO:news_scraper:F03: Enhanced deduplication for LLY: 68 → 60 headlines
INFO:news_scraper:[LLY] 60 headlines from 2025-08-24 to 2025-08-31 (tz=America/Los_Angeles, lookback=7d)
INFO:integrations.newsapi_client:F03: Fetching NewsAPI articles for 1 symbols, 7 days back
INFO:integrations.newsapi_client:F03: Retrieved 17 articles from NewsAPI
INFO:news_scraper:F03: NewsAPI fetched 17 articles for RIVN
2025-08-31 02:19:45 [info     ] F03: Deduplication complete: 30 → 27 headlines (10.0% removed)
INFO:news_scraper:F03: Enhanced deduplication for RIVN: 30 → 27 headlines
INFO:news_scraper:[RIVN] 27 headlines from 2025-08-24 to 2025-08-31 (tz=America/Los_Angeles, lookback=7d)
INFO:integrations.newsapi_client:F03: Fetching NewsAPI articles for 1 symbols, 7 days back
INFO:integrations.newsapi_client:F03: Retrieved 98 articles from NewsAPI
INFO:news_scraper:F03: NewsAPI fetched 98 articles for TSLA
2025-08-31 02:19:46 [info     ] F03: Deduplication complete: 104 → 83 headlines (20.2% removed)
INFO:news_scraper:F03: Enhanced deduplication for TSLA: 104 → 83 headlines
INFO:news_scraper:[TSLA] 83 headlines from 2025-08-24 to 2025-08-31 (tz=America/Los_Angeles, lookback=7d)
INFO:integrations.newsapi_client:F03: Fetching NewsAPI articles for 1 symbols, 7 days back
INFO:integrations.newsapi_client:F03: Retrieved 49 articles from NewsAPI
INFO:news_scraper:F03: NewsAPI fetched 49 articles for PLTR
2025-08-31 02:19:48 [info     ] F03: Deduplication complete: 74 → 55 headlines (25.7% removed)
INFO:news_scraper:F03: Enhanced deduplication for PLTR: 74 → 55 headlines
INFO:news_scraper:[PLTR] 55 headlines from 2025-08-24 to 2025-08-31 (tz=America/Los_Angeles, lookback=7d)
INFO:services.news_clustering:Enhancing news with consensus scoring and clustering
ERROR:services.news_clustering:Error clustering headlines: too many values to unpack (expected 3)
Traceback (most recent call last):
  File "/Users/linlee10/Desktop/Personal_projects/Stonk_news/services/news_clustering.py", line 62, in cluster_headlines
    clusters = self._create_clusters(headlines, ticker)
               ^^^^^^^^^^^^^^^^^^^^^^^^^^^^^^^^^^^^^^^^
  File "/Users/linlee10/Desktop/Personal_projects/Stonk_news/services/news_clustering.py", line 102, in _create_clusters
    for i, (title_i, url_i, date_i) in enumerate(headlines):
           ^^^^^^^^^^^^^^^^^^^^^^^^
ValueError: too many values to unpack (expected 3)
INFO:news_scraper:F03: News corroboration enhancement applied
INFO:integrations.newsapi_client:F03: Fetching NewsAPI articles for 1 symbols, 30 days back
INFO:integrations.newsapi_client:F03: Retrieved 100 articles from NewsAPI
INFO:news_scraper:F03: NewsAPI fetched 100 articles for NVDA
2025-08-31 02:19:50 [info     ] F03: Deduplication complete: 133 → 104 headlines (21.8% removed)
INFO:news_scraper:F03: Enhanced deduplication for NVDA: 133 → 104 headlines
INFO:news_scraper:[NVDA] 104 headlines from 2025-08-01 to 2025-08-31 (tz=America/Los_Angeles, lookback=30d)
INFO:integrations.newsapi_client:F03: Fetching NewsAPI articles for 1 symbols, 30 days back
INFO:integrations.newsapi_client:F03: Retrieved 100 articles from NewsAPI
INFO:news_scraper:F03: NewsAPI fetched 100 articles for GOOGL
2025-08-31 02:19:51 [info     ] F03: Deduplication complete: 133 → 109 headlines (18.0% removed)
INFO:news_scraper:F03: Enhanced deduplication for GOOGL: 133 → 109 headlines
INFO:news_scraper:[GOOGL] 109 headlines from 2025-08-01 to 2025-08-31 (tz=America/Los_Angeles, lookback=30d)
INFO:integrations.newsapi_client:F03: Fetching NewsAPI articles for 1 symbols, 30 days back
INFO:integrations.newsapi_client:F03: Retrieved 99 articles from NewsAPI
INFO:news_scraper:F03: NewsAPI fetched 99 articles for AMD
2025-08-31 02:19:53 [info     ] F03: Deduplication complete: 107 → 97 headlines (9.3% removed)
INFO:news_scraper:F03: Enhanced deduplication for AMD: 107 → 97 headlines
INFO:news_scraper:[AMD] 97 headlines from 2025-08-01 to 2025-08-31 (tz=America/Los_Angeles, lookback=30d)
INFO:integrations.newsapi_client:F03: Fetching NewsAPI articles for 1 symbols, 30 days back
INFO:integrations.newsapi_client:F03: Retrieved 99 articles from NewsAPI
INFO:news_scraper:F03: NewsAPI fetched 99 articles for MSFT
2025-08-31 02:19:55 [info     ] F03: Deduplication complete: 131 → 114 headlines (13.0% removed)
INFO:news_scraper:F03: Enhanced deduplication for MSFT: 131 → 114 headlines
INFO:news_scraper:[MSFT] 114 headlines from 2025-08-01 to 2025-08-31 (tz=America/Los_Angeles, lookback=30d)
INFO:integrations.newsapi_client:F03: Fetching NewsAPI articles for 1 symbols, 30 days back
INFO:integrations.newsapi_client:F03: Retrieved 100 articles from NewsAPI
INFO:news_scraper:F03: NewsAPI fetched 100 articles for RTX
2025-08-31 02:19:57 [info     ] F03: Deduplication complete: 45 → 43 headlines (4.4% removed)
INFO:news_scraper:F03: Enhanced deduplication for RTX: 45 → 43 headlines
INFO:news_scraper:[RTX] 43 headlines from 2025-08-01 to 2025-08-31 (tz=America/Los_Angeles, lookback=30d)
INFO:integrations.newsapi_client:F03: Fetching NewsAPI articles for 1 symbols, 30 days back
INFO:integrations.newsapi_client:F03: Retrieved 93 articles from NewsAPI
INFO:news_scraper:F03: NewsAPI fetched 93 articles for PFE
2025-08-31 02:19:58 [info     ] F03: Deduplication complete: 32 → 32 headlines (0.0% removed)
INFO:news_scraper:F03: Enhanced deduplication for PFE: 32 → 32 headlines
INFO:news_scraper:[PFE] 32 headlines from 2025-08-01 to 2025-08-31 (tz=America/Los_Angeles, lookback=30d)
INFO:integrations.newsapi_client:F03: Fetching NewsAPI articles for 1 symbols, 30 days back
INFO:integrations.newsapi_client:F03: Retrieved 88 articles from NewsAPI
INFO:news_scraper:F03: NewsAPI fetched 88 articles for MRVL
2025-08-31 02:19:59 [info     ] F03: Deduplication complete: 131 → 109 headlines (16.8% removed)
INFO:news_scraper:F03: Enhanced deduplication for MRVL: 131 → 109 headlines
INFO:news_scraper:[MRVL] 109 headlines from 2025-08-01 to 2025-08-31 (tz=America/Los_Angeles, lookback=30d)
INFO:integrations.newsapi_client:F03: Fetching NewsAPI articles for 1 symbols, 30 days back
INFO:integrations.newsapi_client:F03: Retrieved 97 articles from NewsAPI
INFO:news_scraper:F03: NewsAPI fetched 97 articles for ADI
2025-08-31 02:20:00 [info     ] F03: Deduplication complete: 113 → 101 headlines (10.6% removed)
INFO:news_scraper:F03: Enhanced deduplication for ADI: 113 → 101 headlines
INFO:news_scraper:[ADI] 101 headlines from 2025-08-01 to 2025-08-31 (tz=America/Los_Angeles, lookback=30d)
INFO:integrations.newsapi_client:F03: Fetching NewsAPI articles for 1 symbols, 30 days back
INFO:integrations.newsapi_client:F03: Retrieved 99 articles from NewsAPI
INFO:news_scraper:F03: NewsAPI fetched 99 articles for LLY
2025-08-31 02:20:02 [info     ] F03: Deduplication complete: 128 → 112 headlines (12.5% removed)
INFO:news_scraper:F03: Enhanced deduplication for LLY: 128 → 112 headlines
INFO:news_scraper:[LLY] 112 headlines from 2025-08-01 to 2025-08-31 (tz=America/Los_Angeles, lookback=30d)
INFO:integrations.newsapi_client:F03: Fetching NewsAPI articles for 1 symbols, 30 days back
INFO:integrations.newsapi_client:F03: Retrieved 84 articles from NewsAPI
INFO:news_scraper:F03: NewsAPI fetched 84 articles for RIVN
2025-08-31 02:20:04 [info     ] F03: Deduplication complete: 94 → 75 headlines (20.2% removed)
INFO:news_scraper:F03: Enhanced deduplication for RIVN: 94 → 75 headlines
INFO:news_scraper:[RIVN] 75 headlines from 2025-08-01 to 2025-08-31 (tz=America/Los_Angeles, lookback=30d)
INFO:integrations.newsapi_client:F03: Fetching NewsAPI articles for 1 symbols, 30 days back
INFO:integrations.newsapi_client:F03: Retrieved 98 articles from NewsAPI
INFO:news_scraper:F03: NewsAPI fetched 98 articles for TSLA
2025-08-31 02:20:06 [info     ] F03: Deduplication complete: 117 → 96 headlines (17.9% removed)
INFO:news_scraper:F03: Enhanced deduplication for TSLA: 117 → 96 headlines
INFO:news_scraper:[TSLA] 96 headlines from 2025-08-01 to 2025-08-31 (tz=America/Los_Angeles, lookback=30d)
INFO:integrations.newsapi_client:F03: Fetching NewsAPI articles for 1 symbols, 30 days back
INFO:integrations.newsapi_client:F03: Retrieved 100 articles from NewsAPI
INFO:news_scraper:F03: NewsAPI fetched 100 articles for PLTR
2025-08-31 02:20:08 [info     ] F03: Deduplication complete: 140 → 106 headlines (24.3% removed)
INFO:news_scraper:F03: Enhanced deduplication for PLTR: 140 → 106 headlines
INFO:news_scraper:[PLTR] 106 headlines from 2025-08-01 to 2025-08-31 (tz=America/Los_Angeles, lookback=30d)
INFO:services.news_clustering:Enhancing news with consensus scoring and clustering
ERROR:services.news_clustering:Error clustering headlines: too many values to unpack (expected 3)
Traceback (most recent call last):
  File "/Users/linlee10/Desktop/Personal_projects/Stonk_news/services/news_clustering.py", line 62, in cluster_headlines
    clusters = self._create_clusters(headlines, ticker)
               ^^^^^^^^^^^^^^^^^^^^^^^^^^^^^^^^^^^^^^^^
  File "/Users/linlee10/Desktop/Personal_projects/Stonk_news/services/news_clustering.py", line 102, in _create_clusters
    for i, (title_i, url_i, date_i) in enumerate(headlines):
           ^^^^^^^^^^^^^^^^^^^^^^^^
ValueError: too many values to unpack (expected 3)
INFO:news_scraper:F03: News corroboration enhancement applied
INFO:__main__:Scraping headlines for 77 major stocks to find top mentioned...
INFO:integrations.newsapi_client:F03: Fetching NewsAPI articles for 1 symbols, 7 days back
INFO:integrations.newsapi_client:F03: Retrieved 100 articles from NewsAPI
INFO:news_scraper:F03: NewsAPI fetched 100 articles for AAPL
2025-08-31 02:20:10 [info     ] F03: Deduplication complete: 125 → 104 headlines (16.8% removed)
INFO:news_scraper:F03: Enhanced deduplication for AAPL: 125 → 104 headlines
INFO:news_scraper:[AAPL] 104 headlines from 2025-08-24 to 2025-08-31 (tz=America/Los_Angeles, lookback=7d)
INFO:integrations.newsapi_client:F03: Fetching NewsAPI articles for 1 symbols, 7 days back
INFO:integrations.newsapi_client:F03: Retrieved 99 articles from NewsAPI
INFO:news_scraper:F03: NewsAPI fetched 99 articles for MSFT
2025-08-31 02:20:13 [info     ] F03: Deduplication complete: 130 → 112 headlines (13.8% removed)
INFO:news_scraper:F03: Enhanced deduplication for MSFT: 130 → 112 headlines
INFO:news_scraper:[MSFT] 112 headlines from 2025-08-24 to 2025-08-31 (tz=America/Los_Angeles, lookback=7d)
INFO:integrations.newsapi_client:F03: Fetching NewsAPI articles for 1 symbols, 7 days back
INFO:integrations.newsapi_client:F03: Retrieved 64 articles from NewsAPI
INFO:news_scraper:F03: NewsAPI fetched 64 articles for GOOGL
2025-08-31 02:20:14 [info     ] F03: Deduplication complete: 97 → 79 headlines (18.6% removed)
INFO:news_scraper:F03: Enhanced deduplication for GOOGL: 97 → 79 headlines
INFO:news_scraper:[GOOGL] 79 headlines from 2025-08-24 to 2025-08-31 (tz=America/Los_Angeles, lookback=7d)
INFO:integrations.newsapi_client:F03: Fetching NewsAPI articles for 1 symbols, 7 days back
INFO:integrations.newsapi_client:F03: Retrieved 100 articles from NewsAPI
INFO:news_scraper:F03: NewsAPI fetched 100 articles for AMZN
2025-08-31 02:20:17 [info     ] F03: Deduplication complete: 71 → 65 headlines (8.5% removed)
INFO:news_scraper:F03: Enhanced deduplication for AMZN: 71 → 65 headlines
INFO:news_scraper:[AMZN] 65 headlines from 2025-08-24 to 2025-08-31 (tz=America/Los_Angeles, lookback=7d)
INFO:integrations.newsapi_client:F03: Fetching NewsAPI articles for 1 symbols, 7 days back
INFO:integrations.newsapi_client:F03: Retrieved 99 articles from NewsAPI
INFO:news_scraper:F03: NewsAPI fetched 99 articles for META
2025-08-31 02:20:19 [info     ] F03: Deduplication complete: 144 → 83 headlines (42.4% removed)
INFO:news_scraper:F03: Enhanced deduplication for META: 144 → 83 headlines
INFO:news_scraper:[META] 83 headlines from 2025-08-24 to 2025-08-31 (tz=America/Los_Angeles, lookback=7d)
INFO:integrations.newsapi_client:F03: Fetching NewsAPI articles for 1 symbols, 7 days back
INFO:integrations.newsapi_client:F03: Retrieved 100 articles from NewsAPI
INFO:news_scraper:F03: NewsAPI fetched 100 articles for NVDA
2025-08-31 02:20:20 [info     ] F03: Deduplication complete: 128 → 97 headlines (24.2% removed)
INFO:news_scraper:F03: Enhanced deduplication for NVDA: 128 → 97 headlines
INFO:news_scraper:[NVDA] 97 headlines from 2025-08-24 to 2025-08-31 (tz=America/Los_Angeles, lookback=7d)
INFO:integrations.newsapi_client:F03: Fetching NewsAPI articles for 1 symbols, 7 days back
INFO:integrations.newsapi_client:F03: Retrieved 98 articles from NewsAPI
INFO:news_scraper:F03: NewsAPI fetched 98 articles for TSLA
2025-08-31 02:20:21 [info     ] F03: Deduplication complete: 104 → 83 headlines (20.2% removed)
INFO:news_scraper:F03: Enhanced deduplication for TSLA: 104 → 83 headlines
INFO:news_scraper:[TSLA] 83 headlines from 2025-08-24 to 2025-08-31 (tz=America/Los_Angeles, lookback=7d)
INFO:integrations.newsapi_client:F03: Fetching NewsAPI articles for 1 symbols, 7 days back
INFO:integrations.newsapi_client:F03: Retrieved 13 articles from NewsAPI
INFO:news_scraper:F03: NewsAPI fetched 13 articles for NFLX
2025-08-31 02:20:23 [info     ] F03: Deduplication complete: 108 → 69 headlines (36.1% removed)
INFO:news_scraper:F03: Enhanced deduplication for NFLX: 108 → 69 headlines
INFO:news_scraper:[NFLX] 69 headlines from 2025-08-24 to 2025-08-31 (tz=America/Los_Angeles, lookback=7d)
INFO:integrations.newsapi_client:F03: Fetching NewsAPI articles for 1 symbols, 7 days back
INFO:integrations.newsapi_client:F03: Retrieved 100 articles from NewsAPI
INFO:news_scraper:F03: NewsAPI fetched 100 articles for CRM
2025-08-31 02:20:25 [info     ] F03: Deduplication complete: 54 → 48 headlines (11.1% removed)
INFO:news_scraper:F03: Enhanced deduplication for CRM: 54 → 48 headlines
INFO:news_scraper:[CRM] 48 headlines from 2025-08-24 to 2025-08-31 (tz=America/Los_Angeles, lookback=7d)
INFO:integrations.newsapi_client:F03: Fetching NewsAPI articles for 1 symbols, 7 days back
INFO:integrations.newsapi_client:F03: Retrieved 18 articles from NewsAPI
INFO:news_scraper:F03: NewsAPI fetched 18 articles for ADBE
2025-08-31 02:20:27 [info     ] F03: Deduplication complete: 31 → 27 headlines (12.9% removed)
INFO:news_scraper:F03: Enhanced deduplication for ADBE: 31 → 27 headlines
INFO:news_scraper:[ADBE] 27 headlines from 2025-08-24 to 2025-08-31 (tz=America/Los_Angeles, lookback=7d)
INFO:integrations.newsapi_client:F03: Fetching NewsAPI articles for 1 symbols, 7 days back
INFO:integrations.newsapi_client:F03: Retrieved 8 articles from NewsAPI
INFO:news_scraper:F03: NewsAPI fetched 8 articles for PYPL
2025-08-31 02:20:28 [info     ] F03: Deduplication complete: 92 → 55 headlines (40.2% removed)
INFO:news_scraper:F03: Enhanced deduplication for PYPL: 92 → 55 headlines
INFO:news_scraper:[PYPL] 55 headlines from 2025-08-24 to 2025-08-31 (tz=America/Los_Angeles, lookback=7d)
INFO:integrations.newsapi_client:F03: Fetching NewsAPI articles for 1 symbols, 7 days back
INFO:integrations.newsapi_client:F03: Retrieved 53 articles from NewsAPI
INFO:news_scraper:F03: NewsAPI fetched 53 articles for INTC
2025-08-31 02:20:30 [info     ] F03: Deduplication complete: 107 → 93 headlines (13.1% removed)
INFO:news_scraper:F03: Enhanced deduplication for INTC: 107 → 93 headlines
INFO:news_scraper:[INTC] 93 headlines from 2025-08-24 to 2025-08-31 (tz=America/Los_Angeles, lookback=7d)
INFO:integrations.newsapi_client:F03: Fetching NewsAPI articles for 1 symbols, 7 days back
INFO:integrations.newsapi_client:F03: Retrieved 99 articles from NewsAPI
INFO:news_scraper:F03: NewsAPI fetched 99 articles for AMD
2025-08-31 02:20:32 [info     ] F03: Deduplication complete: 73 → 67 headlines (8.2% removed)
INFO:news_scraper:F03: Enhanced deduplication for AMD: 73 → 67 headlines
INFO:news_scraper:[AMD] 67 headlines from 2025-08-24 to 2025-08-31 (tz=America/Los_Angeles, lookback=7d)
INFO:integrations.newsapi_client:F03: Fetching NewsAPI articles for 1 symbols, 7 days back
INFO:integrations.newsapi_client:F03: Retrieved 20 articles from NewsAPI
INFO:news_scraper:F03: NewsAPI fetched 20 articles for QCOM
2025-08-31 02:20:34 [info     ] F03: Deduplication complete: 96 → 58 headlines (39.6% removed)
INFO:news_scraper:F03: Enhanced deduplication for QCOM: 96 → 58 headlines
INFO:news_scraper:[QCOM] 58 headlines from 2025-08-24 to 2025-08-31 (tz=America/Los_Angeles, lookback=7d)
INFO:integrations.newsapi_client:F03: Fetching NewsAPI articles for 1 symbols, 7 days back
INFO:integrations.newsapi_client:F03: Retrieved 61 articles from NewsAPI
INFO:news_scraper:F03: NewsAPI fetched 61 articles for AVGO
2025-08-31 02:20:35 [info     ] F03: Deduplication complete: 95 → 77 headlines (18.9% removed)
INFO:news_scraper:F03: Enhanced deduplication for AVGO: 95 → 77 headlines
INFO:news_scraper:[AVGO] 77 headlines from 2025-08-24 to 2025-08-31 (tz=America/Los_Angeles, lookback=7d)
INFO:integrations.newsapi_client:F03: Fetching NewsAPI articles for 1 symbols, 7 days back
INFO:integrations.newsapi_client:F03: Retrieved 6 articles from NewsAPI
INFO:news_scraper:F03: NewsAPI fetched 6 articles for TXN
2025-08-31 02:20:37 [info     ] F03: Deduplication complete: 58 → 45 headlines (22.4% removed)
INFO:news_scraper:F03: Enhanced deduplication for TXN: 58 → 45 headlines
INFO:news_scraper:[TXN] 45 headlines from 2025-08-24 to 2025-08-31 (tz=America/Los_Angeles, lookback=7d)
INFO:integrations.newsapi_client:F03: Fetching NewsAPI articles for 1 symbols, 7 days back
INFO:integrations.newsapi_client:F03: Retrieved 98 articles from NewsAPI
INFO:news_scraper:F03: NewsAPI fetched 98 articles for MU
2025-08-31 02:20:39 [info     ] F03: Deduplication complete: 62 → 48 headlines (22.6% removed)
INFO:news_scraper:F03: Enhanced deduplication for MU: 62 → 48 headlines
INFO:news_scraper:[MU] 48 headlines from 2025-08-24 to 2025-08-31 (tz=America/Los_Angeles, lookback=7d)
INFO:integrations.newsapi_client:F03: Fetching NewsAPI articles for 1 symbols, 7 days back
INFO:integrations.newsapi_client:F03: Retrieved 27 articles from NewsAPI
INFO:news_scraper:F03: NewsAPI fetched 27 articles for JPM
2025-08-31 02:20:40 [info     ] F03: Deduplication complete: 103 → 50 headlines (51.5% removed)
INFO:news_scraper:F03: Enhanced deduplication for JPM: 103 → 50 headlines
INFO:news_scraper:[JPM] 50 headlines from 2025-08-24 to 2025-08-31 (tz=America/Los_Angeles, lookback=7d)
INFO:integrations.newsapi_client:F03: Fetching NewsAPI articles for 1 symbols, 7 days back
INFO:integrations.newsapi_client:F03: Retrieved 31 articles from NewsAPI
INFO:news_scraper:F03: NewsAPI fetched 31 articles for BAC
2025-08-31 02:20:42 [info     ] F03: Deduplication complete: 103 → 50 headlines (51.5% removed)
INFO:news_scraper:F03: Enhanced deduplication for BAC: 103 → 50 headlines
INFO:news_scraper:[BAC] 50 headlines from 2025-08-24 to 2025-08-31 (tz=America/Los_Angeles, lookback=7d)
INFO:integrations.newsapi_client:F03: Fetching NewsAPI articles for 1 symbols, 7 days back
INFO:integrations.newsapi_client:F03: Retrieved 5 articles from NewsAPI
INFO:news_scraper:F03: NewsAPI fetched 5 articles for WFC
2025-08-31 02:20:44 [info     ] F03: Deduplication complete: 71 → 38 headlines (46.5% removed)
INFO:news_scraper:F03: Enhanced deduplication for WFC: 71 → 38 headlines
INFO:news_scraper:[WFC] 38 headlines from 2025-08-24 to 2025-08-31 (tz=America/Los_Angeles, lookback=7d)
INFO:integrations.newsapi_client:F03: Fetching NewsAPI articles for 1 symbols, 7 days back
INFO:integrations.newsapi_client:F03: Retrieved 99 articles from NewsAPI
INFO:news_scraper:F03: NewsAPI fetched 99 articles for GS
2025-08-31 02:20:45 [info     ] F03: Deduplication complete: 122 → 80 headlines (34.4% removed)
INFO:news_scraper:F03: Enhanced deduplication for GS: 122 → 80 headlines
INFO:news_scraper:[GS] 80 headlines from 2025-08-24 to 2025-08-31 (tz=America/Los_Angeles, lookback=7d)
INFO:integrations.newsapi_client:F03: Fetching NewsAPI articles for 1 symbols, 7 days back
INFO:integrations.newsapi_client:F03: Retrieved 95 articles from NewsAPI
INFO:news_scraper:F03: NewsAPI fetched 95 articles for MS
2025-08-31 02:20:47 [info     ] F03: Deduplication complete: 69 → 62 headlines (10.1% removed)
INFO:news_scraper:F03: Enhanced deduplication for MS: 69 → 62 headlines
INFO:news_scraper:[MS] 62 headlines from 2025-08-24 to 2025-08-31 (tz=America/Los_Angeles, lookback=7d)
INFO:integrations.newsapi_client:F03: Fetching NewsAPI articles for 1 symbols, 7 days back
INFO:integrations.newsapi_client:F03: Retrieved 100 articles from NewsAPI
INFO:news_scraper:F03: NewsAPI fetched 100 articles for C
2025-08-31 02:20:48 [info     ] F03: Deduplication complete: 171 → 154 headlines (9.9% removed)
INFO:news_scraper:F03: Enhanced deduplication for C: 171 → 154 headlines
INFO:news_scraper:[C] 154 headlines from 2025-08-24 to 2025-08-31 (tz=America/Los_Angeles, lookback=7d)
INFO:integrations.newsapi_client:F03: Fetching NewsAPI articles for 1 symbols, 7 days back
INFO:integrations.newsapi_client:F03: Retrieved 100 articles from NewsAPI
INFO:news_scraper:F03: NewsAPI fetched 100 articles for USB
2025-08-31 02:20:50 [info     ] F03: Deduplication complete: 72 → 58 headlines (19.4% removed)
INFO:news_scraper:F03: Enhanced deduplication for USB: 72 → 58 headlines
INFO:news_scraper:[USB] 58 headlines from 2025-08-24 to 2025-08-31 (tz=America/Los_Angeles, lookback=7d)
INFO:integrations.newsapi_client:F03: Fetching NewsAPI articles for 1 symbols, 7 days back
INFO:integrations.newsapi_client:F03: Retrieved 100 articles from NewsAPI
INFO:news_scraper:F03: NewsAPI fetched 100 articles for PNC
2025-08-31 02:20:52 [info     ] F03: Deduplication complete: 74 → 38 headlines (48.6% removed)
INFO:news_scraper:F03: Enhanced deduplication for PNC: 74 → 38 headlines
INFO:news_scraper:[PNC] 38 headlines from 2025-08-24 to 2025-08-31 (tz=America/Los_Angeles, lookback=7d)
INFO:integrations.newsapi_client:F03: Fetching NewsAPI articles for 1 symbols, 7 days back
INFO:integrations.newsapi_client:F03: Retrieved 11 articles from NewsAPI
INFO:news_scraper:F03: NewsAPI fetched 11 articles for COF
2025-08-31 02:20:53 [info     ] F03: Deduplication complete: 58 → 26 headlines (55.2% removed)
INFO:news_scraper:F03: Enhanced deduplication for COF: 58 → 26 headlines
INFO:news_scraper:[COF] 26 headlines from 2025-08-24 to 2025-08-31 (tz=America/Los_Angeles, lookback=7d)
INFO:integrations.newsapi_client:F03: Fetching NewsAPI articles for 1 symbols, 7 days back
INFO:integrations.newsapi_client:F03: Retrieved 8 articles from NewsAPI
INFO:news_scraper:F03: NewsAPI fetched 8 articles for AXP
2025-08-31 02:20:55 [info     ] F03: Deduplication complete: 85 → 54 headlines (36.5% removed)
INFO:news_scraper:F03: Enhanced deduplication for AXP: 85 → 54 headlines
INFO:news_scraper:[AXP] 54 headlines from 2025-08-24 to 2025-08-31 (tz=America/Los_Angeles, lookback=7d)
INFO:integrations.newsapi_client:F03: Fetching NewsAPI articles for 1 symbols, 7 days back
INFO:integrations.newsapi_client:F03: Retrieved 19 articles from NewsAPI
INFO:news_scraper:F03: NewsAPI fetched 19 articles for JNJ
2025-08-31 02:20:57 [info     ] F03: Deduplication complete: 89 → 56 headlines (37.1% removed)
INFO:news_scraper:F03: Enhanced deduplication for JNJ: 89 → 56 headlines
INFO:news_scraper:[JNJ] 56 headlines from 2025-08-24 to 2025-08-31 (tz=America/Los_Angeles, lookback=7d)
INFO:integrations.newsapi_client:F03: Fetching NewsAPI articles for 1 symbols, 7 days back
INFO:integrations.newsapi_client:F03: Retrieved 93 articles from NewsAPI
INFO:news_scraper:F03: NewsAPI fetched 93 articles for PFE
2025-08-31 02:20:59 [info     ] F03: Deduplication complete: 26 → 26 headlines (0.0% removed)
INFO:news_scraper:F03: Enhanced deduplication for PFE: 26 → 26 headlines
INFO:news_scraper:[PFE] 26 headlines from 2025-08-24 to 2025-08-31 (tz=America/Los_Angeles, lookback=7d)
INFO:integrations.newsapi_client:F03: Fetching NewsAPI articles for 1 symbols, 7 days back
INFO:integrations.newsapi_client:F03: Retrieved 44 articles from NewsAPI
INFO:news_scraper:F03: NewsAPI fetched 44 articles for UNH
2025-08-31 02:21:00 [info     ] F03: Deduplication complete: 50 → 40 headlines (20.0% removed)
INFO:news_scraper:F03: Enhanced deduplication for UNH: 50 → 40 headlines
INFO:news_scraper:[UNH] 40 headlines from 2025-08-24 to 2025-08-31 (tz=America/Los_Angeles, lookback=7d)
INFO:integrations.newsapi_client:F03: Fetching NewsAPI articles for 1 symbols, 7 days back
INFO:integrations.newsapi_client:F03: Retrieved 15 articles from NewsAPI
INFO:news_scraper:F03: NewsAPI fetched 15 articles for ABBV
2025-08-31 02:21:02 [info     ] F03: Deduplication complete: 47 → 42 headlines (10.6% removed)
INFO:news_scraper:F03: Enhanced deduplication for ABBV: 47 → 42 headlines
INFO:news_scraper:[ABBV] 42 headlines from 2025-08-24 to 2025-08-31 (tz=America/Los_Angeles, lookback=7d)
INFO:integrations.newsapi_client:F03: Fetching NewsAPI articles for 1 symbols, 7 days back
INFO:integrations.newsapi_client:F03: Retrieved 7 articles from NewsAPI
INFO:news_scraper:F03: NewsAPI fetched 7 articles for MRK
2025-08-31 02:21:03 [info     ] F03: Deduplication complete: 9 → 7 headlines (22.2% removed)
INFO:news_scraper:F03: Enhanced deduplication for MRK: 9 → 7 headlines
INFO:news_scraper:[MRK] 7 headlines from 2025-08-24 to 2025-08-31 (tz=America/Los_Angeles, lookback=7d)
INFO:integrations.newsapi_client:F03: Fetching NewsAPI articles for 1 symbols, 7 days back
INFO:integrations.newsapi_client:F03: Retrieved 16 articles from NewsAPI
INFO:news_scraper:F03: NewsAPI fetched 16 articles for TMO
2025-08-31 02:21:04 [info     ] F03: Deduplication complete: 30 → 25 headlines (16.7% removed)
INFO:news_scraper:F03: Enhanced deduplication for TMO: 30 → 25 headlines
INFO:news_scraper:[TMO] 25 headlines from 2025-08-24 to 2025-08-31 (tz=America/Los_Angeles, lookback=7d)
INFO:integrations.newsapi_client:F03: Fetching NewsAPI articles for 1 symbols, 7 days back
INFO:integrations.newsapi_client:F03: Retrieved 3 articles from NewsAPI
INFO:news_scraper:F03: NewsAPI fetched 3 articles for DHR
2025-08-31 02:21:06 [info     ] F03: Deduplication complete: 79 → 40 headlines (49.4% removed)
INFO:news_scraper:F03: Enhanced deduplication for DHR: 79 → 40 headlines
INFO:news_scraper:[DHR] 40 headlines from 2025-08-24 to 2025-08-31 (tz=America/Los_Angeles, lookback=7d)
INFO:integrations.newsapi_client:F03: Fetching NewsAPI articles for 1 symbols, 7 days back
INFO:integrations.newsapi_client:F03: Retrieved 16 articles from NewsAPI
INFO:news_scraper:F03: NewsAPI fetched 16 articles for ABT
2025-08-31 02:21:07 [info     ] F03: Deduplication complete: 44 → 37 headlines (15.9% removed)
INFO:news_scraper:F03: Enhanced deduplication for ABT: 44 → 37 headlines
INFO:news_scraper:[ABT] 37 headlines from 2025-08-24 to 2025-08-31 (tz=America/Los_Angeles, lookback=7d)
INFO:integrations.newsapi_client:F03: Fetching NewsAPI articles for 1 symbols, 7 days back
INFO:integrations.newsapi_client:F03: Retrieved 31 articles from NewsAPI
INFO:news_scraper:F03: NewsAPI fetched 31 articles for LLY
2025-08-31 02:21:08 [info     ] F03: Deduplication complete: 65 → 57 headlines (12.3% removed)
INFO:news_scraper:F03: Enhanced deduplication for LLY: 65 → 57 headlines
INFO:news_scraper:[LLY] 57 headlines from 2025-08-24 to 2025-08-31 (tz=America/Los_Angeles, lookback=7d)
INFO:integrations.newsapi_client:F03: Fetching NewsAPI articles for 1 symbols, 7 days back
INFO:integrations.newsapi_client:F03: Retrieved 4 articles from NewsAPI
INFO:news_scraper:F03: NewsAPI fetched 4 articles for BMY
2025-08-31 02:21:10 [info     ] F03: Deduplication complete: 33 → 28 headlines (15.2% removed)
INFO:news_scraper:F03: Enhanced deduplication for BMY: 33 → 28 headlines
INFO:news_scraper:[BMY] 28 headlines from 2025-08-24 to 2025-08-31 (tz=America/Los_Angeles, lookback=7d)
INFO:integrations.newsapi_client:F03: Fetching NewsAPI articles for 1 symbols, 7 days back
INFO:integrations.newsapi_client:F03: Retrieved 100 articles from NewsAPI
INFO:news_scraper:F03: NewsAPI fetched 100 articles for PG
2025-08-31 02:21:13 [info     ] F03: Deduplication complete: 81 → 37 headlines (54.3% removed)
INFO:news_scraper:F03: Enhanced deduplication for PG: 81 → 37 headlines
INFO:news_scraper:[PG] 37 headlines from 2025-08-24 to 2025-08-31 (tz=America/Los_Angeles, lookback=7d)
INFO:integrations.newsapi_client:F03: Fetching NewsAPI articles for 1 symbols, 7 days back
INFO:integrations.newsapi_client:F03: Retrieved 98 articles from NewsAPI
INFO:news_scraper:F03: NewsAPI fetched 98 articles for KO
2025-08-31 02:21:14 [info     ] F03: Deduplication complete: 95 → 77 headlines (18.9% removed)
INFO:news_scraper:F03: Enhanced deduplication for KO: 95 → 77 headlines
INFO:news_scraper:[KO] 77 headlines from 2025-08-24 to 2025-08-31 (tz=America/Los_Angeles, lookback=7d)
INFO:integrations.newsapi_client:F03: Fetching NewsAPI articles for 1 symbols, 7 days back
INFO:integrations.newsapi_client:F03: Retrieved 92 articles from NewsAPI
INFO:news_scraper:F03: NewsAPI fetched 92 articles for PEP
2025-08-31 02:21:17 [info     ] F03: Deduplication complete: 94 → 64 headlines (31.9% removed)
INFO:news_scraper:F03: Enhanced deduplication for PEP: 94 → 64 headlines
INFO:news_scraper:[PEP] 64 headlines from 2025-08-24 to 2025-08-31 (tz=America/Los_Angeles, lookback=7d)
INFO:integrations.newsapi_client:F03: Fetching NewsAPI articles for 1 symbols, 7 days back
INFO:integrations.newsapi_client:F03: Retrieved 65 articles from NewsAPI
INFO:news_scraper:F03: NewsAPI fetched 65 articles for WMT
2025-08-31 02:21:19 [info     ] F03: Deduplication complete: 82 → 69 headlines (15.9% removed)
INFO:news_scraper:F03: Enhanced deduplication for WMT: 82 → 69 headlines
INFO:news_scraper:[WMT] 69 headlines from 2025-08-24 to 2025-08-31 (tz=America/Los_Angeles, lookback=7d)
INFO:integrations.newsapi_client:F03: Fetching NewsAPI articles for 1 symbols, 7 days back
INFO:integrations.newsapi_client:F03: Retrieved 100 articles from NewsAPI
INFO:news_scraper:F03: NewsAPI fetched 100 articles for HD
2025-08-31 02:21:21 [info     ] F03: Deduplication complete: 105 → 63 headlines (40.0% removed)
INFO:news_scraper:F03: Enhanced deduplication for HD: 105 → 63 headlines
INFO:news_scraper:[HD] 63 headlines from 2025-08-24 to 2025-08-31 (tz=America/Los_Angeles, lookback=7d)
INFO:integrations.newsapi_client:F03: Fetching NewsAPI articles for 1 symbols, 7 days back
INFO:integrations.newsapi_client:F03: Retrieved 13 articles from NewsAPI
INFO:news_scraper:F03: NewsAPI fetched 13 articles for MCD
2025-08-31 02:21:22 [info     ] F03: Deduplication complete: 61 → 32 headlines (47.5% removed)
INFO:news_scraper:F03: Enhanced deduplication for MCD: 61 → 32 headlines
INFO:news_scraper:[MCD] 32 headlines from 2025-08-24 to 2025-08-31 (tz=America/Los_Angeles, lookback=7d)
INFO:integrations.newsapi_client:F03: Fetching NewsAPI articles for 1 symbols, 7 days back
INFO:integrations.newsapi_client:F03: Retrieved 91 articles from NewsAPI
INFO:news_scraper:F03: NewsAPI fetched 91 articles for DIS
2025-08-31 02:21:24 [info     ] F03: Deduplication complete: 97 → 71 headlines (26.8% removed)
INFO:news_scraper:F03: Enhanced deduplication for DIS: 97 → 71 headlines
INFO:news_scraper:[DIS] 71 headlines from 2025-08-24 to 2025-08-31 (tz=America/Los_Angeles, lookback=7d)
INFO:integrations.newsapi_client:F03: Fetching NewsAPI articles for 1 symbols, 7 days back
INFO:integrations.newsapi_client:F03: Retrieved 6 articles from NewsAPI
INFO:news_scraper:F03: NewsAPI fetched 6 articles for NKE
2025-08-31 02:21:26 [info     ] F03: Deduplication complete: 86 → 69 headlines (19.8% removed)
INFO:news_scraper:F03: Enhanced deduplication for NKE: 86 → 69 headlines
INFO:news_scraper:[NKE] 69 headlines from 2025-08-24 to 2025-08-31 (tz=America/Los_Angeles, lookback=7d)
INFO:integrations.newsapi_client:F03: Fetching NewsAPI articles for 1 symbols, 7 days back
INFO:integrations.newsapi_client:F03: Retrieved 7 articles from NewsAPI
INFO:news_scraper:F03: NewsAPI fetched 7 articles for SBUX
2025-08-31 02:21:28 [info     ] F03: Deduplication complete: 76 → 48 headlines (36.8% removed)
INFO:news_scraper:F03: Enhanced deduplication for SBUX: 76 → 48 headlines
INFO:news_scraper:[SBUX] 48 headlines from 2025-08-24 to 2025-08-31 (tz=America/Los_Angeles, lookback=7d)
INFO:integrations.newsapi_client:F03: Fetching NewsAPI articles for 1 symbols, 7 days back
INFO:integrations.newsapi_client:F03: Retrieved 48 articles from NewsAPI
INFO:news_scraper:F03: NewsAPI fetched 48 articles for TGT
2025-08-31 02:21:30 [info     ] F03: Deduplication complete: 48 → 41 headlines (14.6% removed)
INFO:news_scraper:F03: Enhanced deduplication for TGT: 48 → 41 headlines
INFO:news_scraper:[TGT] 41 headlines from 2025-08-24 to 2025-08-31 (tz=America/Los_Angeles, lookback=7d)
INFO:integrations.newsapi_client:F03: Fetching NewsAPI articles for 1 symbols, 7 days back
INFO:integrations.newsapi_client:F03: Retrieved 26 articles from NewsAPI
INFO:news_scraper:F03: NewsAPI fetched 26 articles for XOM
2025-08-31 02:21:31 [info     ] F03: Deduplication complete: 85 → 48 headlines (43.5% removed)
INFO:news_scraper:F03: Enhanced deduplication for XOM: 85 → 48 headlines
INFO:news_scraper:[XOM] 48 headlines from 2025-08-24 to 2025-08-31 (tz=America/Los_Angeles, lookback=7d)
INFO:integrations.newsapi_client:F03: Fetching NewsAPI articles for 1 symbols, 7 days back
INFO:integrations.newsapi_client:F03: Retrieved 19 articles from NewsAPI
INFO:news_scraper:F03: NewsAPI fetched 19 articles for CVX
2025-08-31 02:21:33 [info     ] F03: Deduplication complete: 90 → 42 headlines (53.3% removed)
INFO:news_scraper:F03: Enhanced deduplication for CVX: 90 → 42 headlines
INFO:news_scraper:[CVX] 42 headlines from 2025-08-24 to 2025-08-31 (tz=America/Los_Angeles, lookback=7d)
INFO:integrations.newsapi_client:F03: Fetching NewsAPI articles for 1 symbols, 7 days back
INFO:integrations.newsapi_client:F03: Retrieved 98 articles from NewsAPI
INFO:news_scraper:F03: NewsAPI fetched 98 articles for COP
2025-08-31 02:21:35 [info     ] F03: Deduplication complete: 36 → 31 headlines (13.9% removed)
INFO:news_scraper:F03: Enhanced deduplication for COP: 36 → 31 headlines
INFO:news_scraper:[COP] 31 headlines from 2025-08-24 to 2025-08-31 (tz=America/Los_Angeles, lookback=7d)
INFO:integrations.newsapi_client:F03: Fetching NewsAPI articles for 1 symbols, 7 days back
INFO:integrations.newsapi_client:F03: Retrieved 4 articles from NewsAPI
INFO:news_scraper:F03: NewsAPI fetched 4 articles for EOG
2025-08-31 02:21:36 [info     ] F03: Deduplication complete: 82 → 45 headlines (45.1% removed)
INFO:news_scraper:F03: Enhanced deduplication for EOG: 82 → 45 headlines
INFO:news_scraper:[EOG] 45 headlines from 2025-08-24 to 2025-08-31 (tz=America/Los_Angeles, lookback=7d)
INFO:integrations.newsapi_client:F03: Fetching NewsAPI articles for 1 symbols, 7 days back
INFO:integrations.newsapi_client:F03: Retrieved 17 articles from NewsAPI
INFO:news_scraper:F03: NewsAPI fetched 17 articles for SLB
2025-08-31 02:21:38 [info     ] F03: Deduplication complete: 98 → 65 headlines (33.7% removed)
INFO:news_scraper:F03: Enhanced deduplication for SLB: 98 → 65 headlines
INFO:news_scraper:[SLB] 65 headlines from 2025-08-24 to 2025-08-31 (tz=America/Los_Angeles, lookback=7d)
INFO:integrations.newsapi_client:F03: Fetching NewsAPI articles for 1 symbols, 7 days back
INFO:integrations.newsapi_client:F03: Retrieved 3 articles from NewsAPI
INFO:news_scraper:F03: NewsAPI fetched 3 articles for KMI
2025-08-31 02:21:40 [info     ] F03: Deduplication complete: 87 → 59 headlines (32.2% removed)
INFO:news_scraper:F03: Enhanced deduplication for KMI: 87 → 59 headlines
INFO:news_scraper:[KMI] 59 headlines from 2025-08-24 to 2025-08-31 (tz=America/Los_Angeles, lookback=7d)
INFO:integrations.newsapi_client:F03: Fetching NewsAPI articles for 1 symbols, 7 days back
INFO:integrations.newsapi_client:F03: Retrieved 2 articles from NewsAPI
INFO:news_scraper:F03: NewsAPI fetched 2 articles for PSX
2025-08-31 02:21:41 [info     ] F03: Deduplication complete: 54 → 40 headlines (25.9% removed)
INFO:news_scraper:F03: Enhanced deduplication for PSX: 54 → 40 headlines
INFO:news_scraper:[PSX] 40 headlines from 2025-08-24 to 2025-08-31 (tz=America/Los_Angeles, lookback=7d)
INFO:integrations.newsapi_client:F03: Fetching NewsAPI articles for 1 symbols, 7 days back
INFO:integrations.newsapi_client:F03: Retrieved 4 articles from NewsAPI
INFO:news_scraper:F03: NewsAPI fetched 4 articles for VLO
2025-08-31 02:21:43 [info     ] F03: Deduplication complete: 77 → 43 headlines (44.2% removed)
INFO:news_scraper:F03: Enhanced deduplication for VLO: 77 → 43 headlines
INFO:news_scraper:[VLO] 43 headlines from 2025-08-24 to 2025-08-31 (tz=America/Los_Angeles, lookback=7d)
INFO:integrations.newsapi_client:F03: Fetching NewsAPI articles for 1 symbols, 7 days back
INFO:integrations.newsapi_client:F03: Retrieved 30 articles from NewsAPI
INFO:news_scraper:F03: NewsAPI fetched 30 articles for MPC
2025-08-31 02:21:44 [info     ] F03: Deduplication complete: 72 → 40 headlines (44.4% removed)
INFO:news_scraper:F03: Enhanced deduplication for MPC: 72 → 40 headlines
INFO:news_scraper:[MPC] 40 headlines from 2025-08-24 to 2025-08-31 (tz=America/Los_Angeles, lookback=7d)
INFO:integrations.newsapi_client:F03: Fetching NewsAPI articles for 1 symbols, 7 days back
INFO:integrations.newsapi_client:F03: Retrieved 13 articles from NewsAPI
INFO:news_scraper:F03: NewsAPI fetched 13 articles for OXY
2025-08-31 02:21:46 [info     ] F03: Deduplication complete: 57 → 38 headlines (33.3% removed)
INFO:news_scraper:F03: Enhanced deduplication for OXY: 57 → 38 headlines
INFO:news_scraper:[OXY] 38 headlines from 2025-08-24 to 2025-08-31 (tz=America/Los_Angeles, lookback=7d)
INFO:integrations.newsapi_client:F03: Fetching NewsAPI articles for 1 symbols, 7 days back
INFO:integrations.newsapi_client:F03: Retrieved 98 articles from NewsAPI
INFO:news_scraper:F03: NewsAPI fetched 98 articles for BA
2025-08-31 02:21:48 [info     ] F03: Deduplication complete: 115 → 97 headlines (15.7% removed)
INFO:news_scraper:F03: Enhanced deduplication for BA: 115 → 97 headlines
INFO:news_scraper:[BA] 97 headlines from 2025-08-24 to 2025-08-31 (tz=America/Los_Angeles, lookback=7d)
INFO:integrations.newsapi_client:F03: Fetching NewsAPI articles for 1 symbols, 7 days back
INFO:integrations.newsapi_client:F03: Retrieved 100 articles from NewsAPI
INFO:news_scraper:F03: NewsAPI fetched 100 articles for CAT
2025-08-31 02:21:51 [info     ] F03: Deduplication complete: 85 → 76 headlines (10.6% removed)
INFO:news_scraper:F03: Enhanced deduplication for CAT: 85 → 76 headlines
INFO:news_scraper:[CAT] 76 headlines from 2025-08-24 to 2025-08-31 (tz=America/Los_Angeles, lookback=7d)
INFO:integrations.newsapi_client:F03: Fetching NewsAPI articles for 1 symbols, 7 days back
INFO:integrations.newsapi_client:F03: Retrieved 100 articles from NewsAPI
INFO:news_scraper:F03: NewsAPI fetched 100 articles for GE
2025-08-31 02:21:53 [info     ] F03: Deduplication complete: 66 → 58 headlines (12.1% removed)
INFO:news_scraper:F03: Enhanced deduplication for GE: 66 → 58 headlines
INFO:news_scraper:[GE] 58 headlines from 2025-08-24 to 2025-08-31 (tz=America/Los_Angeles, lookback=7d)
INFO:integrations.newsapi_client:F03: Fetching NewsAPI articles for 1 symbols, 7 days back
INFO:integrations.newsapi_client:F03: Retrieved 27 articles from NewsAPI
INFO:news_scraper:F03: NewsAPI fetched 27 articles for MMM
2025-08-31 02:21:54 [info     ] F03: Deduplication complete: 57 → 46 headlines (19.3% removed)
INFO:news_scraper:F03: Enhanced deduplication for MMM: 57 → 46 headlines
INFO:news_scraper:[MMM] 46 headlines from 2025-08-24 to 2025-08-31 (tz=America/Los_Angeles, lookback=7d)
INFO:integrations.newsapi_client:F03: Fetching NewsAPI articles for 1 symbols, 7 days back
INFO:integrations.newsapi_client:F03: Retrieved 55 articles from NewsAPI
INFO:news_scraper:F03: NewsAPI fetched 55 articles for HON
2025-08-31 02:21:56 [info     ] F03: Deduplication complete: 77 → 44 headlines (42.9% removed)
INFO:news_scraper:F03: Enhanced deduplication for HON: 77 → 44 headlines
INFO:news_scraper:[HON] 44 headlines from 2025-08-24 to 2025-08-31 (tz=America/Los_Angeles, lookback=7d)
INFO:integrations.newsapi_client:F03: Fetching NewsAPI articles for 1 symbols, 7 days back
INFO:integrations.newsapi_client:F03: Retrieved 98 articles from NewsAPI
INFO:news_scraper:F03: NewsAPI fetched 98 articles for UPS
2025-08-31 02:21:58 [info     ] F03: Deduplication complete: 59 → 48 headlines (18.6% removed)
INFO:news_scraper:F03: Enhanced deduplication for UPS: 59 → 48 headlines
INFO:news_scraper:[UPS] 48 headlines from 2025-08-24 to 2025-08-31 (tz=America/Los_Angeles, lookback=7d)
INFO:integrations.newsapi_client:F03: Fetching NewsAPI articles for 1 symbols, 7 days back
INFO:integrations.newsapi_client:F03: Retrieved 4 articles from NewsAPI
INFO:news_scraper:F03: NewsAPI fetched 4 articles for FDX
2025-08-31 02:21:59 [info     ] F03: Deduplication complete: 40 → 37 headlines (7.5% removed)
INFO:news_scraper:F03: Enhanced deduplication for FDX: 40 → 37 headlines
INFO:news_scraper:[FDX] 37 headlines from 2025-08-24 to 2025-08-31 (tz=America/Los_Angeles, lookback=7d)
INFO:integrations.newsapi_client:F03: Fetching NewsAPI articles for 1 symbols, 7 days back
INFO:integrations.newsapi_client:F03: Retrieved 26 articles from NewsAPI
INFO:news_scraper:F03: NewsAPI fetched 26 articles for LMT
2025-08-31 02:22:01 [info     ] F03: Deduplication complete: 58 → 45 headlines (22.4% removed)
INFO:news_scraper:F03: Enhanced deduplication for LMT: 58 → 45 headlines
INFO:news_scraper:[LMT] 45 headlines from 2025-08-24 to 2025-08-31 (tz=America/Los_Angeles, lookback=7d)
INFO:integrations.newsapi_client:F03: Fetching NewsAPI articles for 1 symbols, 7 days back
INFO:integrations.newsapi_client:F03: Retrieved 100 articles from NewsAPI
INFO:news_scraper:F03: NewsAPI fetched 100 articles for RTX
2025-08-31 02:22:03 [info     ] F03: Deduplication complete: 47 → 43 headlines (8.5% removed)
INFO:news_scraper:F03: Enhanced deduplication for RTX: 47 → 43 headlines
INFO:news_scraper:[RTX] 43 headlines from 2025-08-24 to 2025-08-31 (tz=America/Los_Angeles, lookback=7d)
INFO:integrations.newsapi_client:F03: Fetching NewsAPI articles for 1 symbols, 7 days back
INFO:integrations.newsapi_client:F03: Retrieved 22 articles from NewsAPI
INFO:news_scraper:F03: NewsAPI fetched 22 articles for NOC
2025-08-31 02:22:05 [info     ] F03: Deduplication complete: 44 → 27 headlines (38.6% removed)
INFO:news_scraper:F03: Enhanced deduplication for NOC: 44 → 27 headlines
INFO:news_scraper:[NOC] 27 headlines from 2025-08-24 to 2025-08-31 (tz=America/Los_Angeles, lookback=7d)
INFO:integrations.newsapi_client:F03: Fetching NewsAPI articles for 1 symbols, 7 days back
INFO:integrations.newsapi_client:F03: Retrieved 49 articles from NewsAPI
INFO:news_scraper:F03: NewsAPI fetched 49 articles for PLTR
2025-08-31 02:22:06 [info     ] F03: Deduplication complete: 74 → 55 headlines (25.7% removed)
INFO:news_scraper:F03: Enhanced deduplication for PLTR: 74 → 55 headlines
INFO:news_scraper:[PLTR] 55 headlines from 2025-08-24 to 2025-08-31 (tz=America/Los_Angeles, lookback=7d)
INFO:integrations.newsapi_client:F03: Fetching NewsAPI articles for 1 symbols, 7 days back
INFO:integrations.newsapi_client:F03: Retrieved 17 articles from NewsAPI
INFO:news_scraper:F03: NewsAPI fetched 17 articles for RIVN
2025-08-31 02:22:07 [info     ] F03: Deduplication complete: 41 → 36 headlines (12.2% removed)
INFO:news_scraper:F03: Enhanced deduplication for RIVN: 41 → 36 headlines
INFO:news_scraper:[RIVN] 36 headlines from 2025-08-24 to 2025-08-31 (tz=America/Los_Angeles, lookback=7d)
INFO:integrations.newsapi_client:F03: Fetching NewsAPI articles for 1 symbols, 7 days back
INFO:integrations.newsapi_client:F03: Retrieved 6 articles from NewsAPI
INFO:news_scraper:F03: NewsAPI fetched 6 articles for LCID
2025-08-31 02:22:09 [info     ] F03: Deduplication complete: 45 → 36 headlines (20.0% removed)
INFO:news_scraper:F03: Enhanced deduplication for LCID: 45 → 36 headlines
INFO:news_scraper:[LCID] 36 headlines from 2025-08-24 to 2025-08-31 (tz=America/Los_Angeles, lookback=7d)
INFO:integrations.newsapi_client:F03: Fetching NewsAPI articles for 1 symbols, 7 days back
INFO:integrations.newsapi_client:F03: Retrieved 100 articles from NewsAPI
INFO:news_scraper:F03: NewsAPI fetched 100 articles for NIO
2025-08-31 02:22:11 [info     ] F03: Deduplication complete: 119 → 103 headlines (13.4% removed)
INFO:news_scraper:F03: Enhanced deduplication for NIO: 119 → 103 headlines
INFO:news_scraper:[NIO] 103 headlines from 2025-08-24 to 2025-08-31 (tz=America/Los_Angeles, lookback=7d)
INFO:integrations.newsapi_client:F03: Fetching NewsAPI articles for 1 symbols, 7 days back
INFO:integrations.newsapi_client:F03: Retrieved 14 articles from NewsAPI
INFO:news_scraper:F03: NewsAPI fetched 14 articles for XPEV
2025-08-31 02:22:13 [info     ] F03: Deduplication complete: 47 → 41 headlines (12.8% removed)
INFO:news_scraper:F03: Enhanced deduplication for XPEV: 47 → 41 headlines
INFO:news_scraper:[XPEV] 41 headlines from 2025-08-24 to 2025-08-31 (tz=America/Los_Angeles, lookback=7d)
INFO:integrations.newsapi_client:F03: Fetching NewsAPI articles for 1 symbols, 7 days back
INFO:integrations.newsapi_client:F03: Retrieved 98 articles from NewsAPI
INFO:news_scraper:F03: NewsAPI fetched 98 articles for LI
2025-08-31 02:22:15 [info     ] F03: Deduplication complete: 108 → 107 headlines (0.9% removed)
INFO:news_scraper:F03: Enhanced deduplication for LI: 108 → 107 headlines
INFO:news_scraper:[LI] 107 headlines from 2025-08-24 to 2025-08-31 (tz=America/Los_Angeles, lookback=7d)
INFO:integrations.newsapi_client:F03: Fetching NewsAPI articles for 1 symbols, 7 days back
INFO:integrations.newsapi_client:F03: Retrieved 97 articles from NewsAPI
INFO:news_scraper:F03: NewsAPI fetched 97 articles for BYD
2025-08-31 02:22:17 [info     ] F03: Deduplication complete: 131 → 103 headlines (21.4% removed)
INFO:news_scraper:F03: Enhanced deduplication for BYD: 131 → 103 headlines
INFO:news_scraper:[BYD] 103 headlines from 2025-08-24 to 2025-08-31 (tz=America/Los_Angeles, lookback=7d)
INFO:integrations.newsapi_client:F03: Fetching NewsAPI articles for 1 symbols, 7 days back
INFO:integrations.newsapi_client:F03: Retrieved 12 articles from NewsAPI
INFO:news_scraper:F03: NewsAPI fetched 12 articles for BIDU
2025-08-31 02:22:19 [info     ] F03: Deduplication complete: 63 → 59 headlines (6.3% removed)
INFO:news_scraper:F03: Enhanced deduplication for BIDU: 63 → 59 headlines
INFO:news_scraper:[BIDU] 59 headlines from 2025-08-24 to 2025-08-31 (tz=America/Los_Angeles, lookback=7d)
INFO:integrations.newsapi_client:F03: Fetching NewsAPI articles for 1 symbols, 7 days back
INFO:integrations.newsapi_client:F03: Retrieved 93 articles from NewsAPI
INFO:news_scraper:F03: NewsAPI fetched 93 articles for JD
2025-08-31 02:22:21 [info     ] F03: Deduplication complete: 120 → 108 headlines (10.0% removed)
INFO:news_scraper:F03: Enhanced deduplication for JD: 120 → 108 headlines
INFO:news_scraper:[JD] 108 headlines from 2025-08-24 to 2025-08-31 (tz=America/Los_Angeles, lookback=7d)
WARNING:integrations.newsapi_client:F03: NewsAPI quota exhausted - 100/100 calls used
WARNING:news_scraper:F03: NewsAPI fallback triggered for PDD: NewsAPI quota exhausted
2025-08-31 02:22:22 [info     ] F03: Deduplication complete: 91 → 73 headlines (19.8% removed)
INFO:news_scraper:F03: Enhanced deduplication for PDD: 91 → 73 headlines
INFO:news_scraper:[PDD] 73 headlines from 2025-08-24 to 2025-08-31 (tz=America/Los_Angeles, lookback=7d)
INFO:services.news_clustering:Enhancing news with consensus scoring and clustering
ERROR:services.news_clustering:Error clustering headlines: too many values to unpack (expected 3)
Traceback (most recent call last):
  File "/Users/linlee10/Desktop/Personal_projects/Stonk_news/services/news_clustering.py", line 62, in cluster_headlines
    clusters = self._create_clusters(headlines, ticker)
               ^^^^^^^^^^^^^^^^^^^^^^^^^^^^^^^^^^^^^^^^
  File "/Users/linlee10/Desktop/Personal_projects/Stonk_news/services/news_clustering.py", line 102, in _create_clusters
    for i, (title_i, url_i, date_i) in enumerate(headlines):
           ^^^^^^^^^^^^^^^^^^^^^^^^
ValueError: too many values to unpack (expected 3)
INFO:news_scraper:F03: News corroboration enhancement applied
INFO:__main__:News corroboration enabled - enhancing sentiment analysis
INFO:__main__:Top 10 most mentioned stocks: C, MSFT, JD, LI, AAPL, NIO, BYD, NVDA, BA, INTC
INFO:__main__:F05: Portfolio analytics enabled
INFO:analytics.portfolio_metrics:F05: PortfolioAnalyzer initialized
INFO:analytics.portfolio_metrics:F05: Computing portfolio allocations
INFO:analytics.portfolio_metrics:F05: Computed allocations for 8 tickers in 0.0ms
INFO:analytics.portfolio_metrics:F05: Computing portfolio betas
INFO:analytics.portfolio_metrics:F05: Downloading benchmark data for ^GSPC
INFO:analytics.portfolio_metrics:F05: Computed 8 betas vs ^GSPC in 2968.0ms
INFO:analytics.portfolio_metrics:F05: Computing benchmark comparison
INFO:analytics.portfolio_metrics:F05: Downloading benchmark ^GSPC
INFO:analytics.portfolio_metrics:F05: Downloading benchmark ^IXIC
INFO:analytics.portfolio_metrics:F05: Downloading benchmark ^DJI
INFO:analytics.portfolio_metrics:F05: Computed benchmark table for 8 tickers vs 3 benchmarks in 2342.9ms
INFO:analytics.portfolio_metrics:F05: Portfolio metrics saved to data/portfolio_metrics.csv (68 rows)
INFO:analytics.portfolio_metrics:F05: Benchmarks saved to data/benchmarks.csv (140 rows)
INFO:analytics.portfolio_metrics:F05: Portfolio analysis completed for 8 tickers
INFO:__main__:F05: Portfolio analysis completed
INFO:services.smart_cache_manager:No existing quota ledger found, creating new one
INFO:services.smart_cache_manager:QuotaLedger initialized: 25/25 calls remaining
INFO:services.smart_cache_manager:SmartCacheManager initialized with quota ledger
INFO:services.smart_cache_manager:No existing quota ledger found, creating new one
INFO:services.smart_cache_manager:QuotaLedger initialized: 25/25 calls remaining
INFO:services.smart_cache_manager:SmartCacheManager initialized with quota ledger
INFO:services.data_sources.price_provider:F02: SmartCacheManager integrated with PriceProvider
INFO:services.data_sources.price_provider:PriceProvider initialized with 2 strategies
INFO:services.multi_source_data_manager:MultiSourceDataManager: Multisource prices enabled
INFO:services.data_sources.yfinance_provider:YFinanceProvider initialized with cache_dir=data/yf_bulk_cache, TTL=24h
INFO:services.multi_source_data_manager:MultiSourceDataManager: YFinance provider enabled
INFO:services.smart_cache_manager:No existing quota ledger found, creating new one
INFO:services.smart_cache_manager:QuotaLedger initialized: 25/25 calls remaining
INFO:services.smart_cache_manager:SmartCacheManager initialized with quota ledger
INFO:services.data_sources.price_provider:F02: SmartCacheManager integrated with PriceProvider
INFO:services.data_sources.price_provider:PriceProvider initialized with 2 strategies
INFO:services.multi_source_data_manager:MultiSourceDataManager: Multisource prices enabled
INFO:services.data_sources.yfinance_provider:YFinanceProvider initialized with cache_dir=data/yf_bulk_cache, TTL=24h
INFO:services.multi_source_data_manager:MultiSourceDataManager: YFinance provider enabled
INFO:prediction:Checking yfinance cache for 1 tickers
INFO:prediction:Using multisource price provider for 1 tickers
INFO:services.multi_source_data_manager:No YFinance cache data available, falling back to other sources
INFO:services.multi_source_data_manager:Using multisource price provider for 1 symbols
INFO:services.data_sources.price_provider:Fetching price data for 1 symbols, 90 days (hash: e0ca3056)
INFO:services.data_sources.price_provider:F02: Using quota-aware batch planning for 1 symbols
INFO:services.smart_cache_manager:Batch plan: 0 cached, 1 missing, 1 calls needed
INFO:services.data_sources.price_provider:F02: Batch plan - 0 cached, 1 missing, 1 calls needed
